ModemManager-0:1.22.0-5.fc42.x86_64
NetworkManager-1:1.52.0-1.fc42.x86_64
NetworkManager-adsl-1:1.52.0-1.fc42.x86_64
NetworkManager-bluetooth-1:1.52.0-1.fc42.x86_64
NetworkManager-config-connectivity-fedora-1:1.52.0-1.fc42.noarch
NetworkManager-ppp-1:1.52.0-1.fc42.x86_64
NetworkManager-wifi-1:1.52.0-1.fc42.x86_64
NetworkManager-wwan-1:1.52.0-1.fc42.x86_64
PackageKit-command-not-found-0:1.2.8-9.fc42.x86_64
PackageKit-gstreamer-plugin-0:1.2.8-9.fc42.x86_64
aajohan-comfortaa-fonts-0:3.105-0.6.20210729git2a87ac6.fc42.noarch
abrt-cli-0:2.17.6-4.fc42.x86_64
abrt-desktop-0:2.17.6-4.fc42.x86_64
acl-0:2.3.2-3.fc42.x86_64
adwaita-gtk2-theme-0:3.28-22.fc42.x86_64
akonadi-server-0:25.04.2-1.fc42.x86_64
akonadi-server-mysql-0:25.04.2-1.fc42.x86_64
akregator-0:25.04.2-1.fc42.x86_64
alsa-sof-firmware-0:2025.01.1-1.fc42.noarch
alsa-ucm-0:1.2.14-2.fc42.noarch
alsa-utils-0:1.2.14-1.fc42.x86_64
amd-gpu-firmware-0:20250509-1.fc42.noarch
amd-ucode-firmware-0:20250509-1.fc42.noarch
anaconda-0:42.27.12-1.fc42.x86_64
anaconda-install-env-deps-0:42.27.12-1.fc42.x86_64
anaconda-live-0:42.27.12-1.fc42.noarch
ark-0:25.04.2-1.fc42.x86_64
at-0:3.2.5-14.fc42.x86_64
at-spi2-atk-0:2.56.2-1.fc42.x86_64
at-spi2-core-0:2.56.2-1.fc42.x86_64
atheros-firmware-0:20250509-1.fc42.noarch
attr-0:2.5.2-5.fc42.x86_64
audiocd-kio-0:25.04.2-1.fc42.x86_64
audit-0:4.0.3-2.fc42.x86_64
authselect-0:1.5.1-1.fc42.x86_64
b43-fwcutter-0:019-38.fc42.x86_64
b43-openfwwf-0:5.2-45.fc42.noarch
basesystem-0:11-22.fc42.noarch
bash-0:5.2.37-1.fc42.x86_64
bash-color-prompt-0:0.5-3.fc42.noarch
bash-completion-1:2.16-1.fc42.noarch
bc-0:1.08.1-2.fc42.x86_64
bind-utils-32:9.18.36-1.fc42.x86_64
bluedevil-0:6.3.5-1.fc42.x86_64
bluez-cups-0:5.81-2.fc42.x86_64
brcmfmac-firmware-0:20250509-1.fc42.noarch
breeze-icon-theme-0:6.14.0-1.fc42.noarch
breeze-icon-theme-fedora-0:6.14.0-1.fc42.noarch
brltty-0:6.7-8.fc42.x86_64
btrfs-progs-0:6.14-1.fc42.x86_64
bzip2-0:1.0.8-20.fc42.x86_64
chrony-0:4.6.1-2.fc42.x86_64
cifs-utils-0:7.2-1.fc42.x86_64
cirrus-audio-firmware-0:20250509-1.fc42.noarch
colord-0:1.4.7-6.fc42.x86_64
colord-kde-0:25.04.2-1.fc42.x86_64
compsize-0:1.5^git20250123.d79eacf-12.fc42.x86_64
coreutils-0:9.6-4.fc42.x86_64
cpio-0:2.15-4.fc42.x86_64
crontabs-0:1.11^20190603git9e74f2d-5.fc42.noarch
cryptsetup-0:2.7.5-2.fc42.x86_64
cups-1:2.4.12-3.fc42.x86_64
cups-browsed-1:2.1.1-4.fc42.x86_64
cups-filters-1:2.0.1-6.fc42.x86_64
cups-pk-helper-0:0.2.7-9.fc42.x86_64
curl-0:8.11.1-4.fc42.x86_64
cyrus-sasl-plain-0:2.1.28-30.fc42.x86_64
dbus-1:1.16.0-3.fc42.x86_64
default-editor-0:8.3-3.fc42.noarch
default-fonts-cjk-mono-0:4.2-4.fc42.noarch
default-fonts-cjk-sans-0:4.2-4.fc42.noarch
default-fonts-cjk-serif-0:4.2-4.fc42.noarch
default-fonts-core-emoji-0:4.2-4.fc42.noarch
default-fonts-core-math-0:4.2-4.fc42.noarch
default-fonts-core-mono-0:4.2-4.fc42.noarch
default-fonts-core-sans-0:4.2-4.fc42.noarch
default-fonts-core-serif-0:4.2-4.fc42.noarch
default-fonts-other-mono-0:4.2-4.fc42.noarch
default-fonts-other-sans-0:4.2-4.fc42.noarch
default-fonts-other-serif-0:4.2-4.fc42.noarch
deltarpm-0:3.6.5-2.fc42.x86_64
dhcp-client-12:4.4.3-16.P1.fc42.x86_64
diffstat-0:1.67-2.fc42.x86_64
dnf5-0:5.2.13.1-1.fc42.x86_64
dnf5-plugins-0:5.2.13.1-1.fc42.x86_64
dnsmasq-0:2.90-6.fc42.x86_64
dolphin-0:25.04.2-1.fc42.x86_64
dos2unix-0:7.5.2-3.fc42.x86_64
dosfstools-0:4.2-15.fc42.x86_64
doxygen-2:1.13.2-4.fc42.x86_64
dracut-config-rescue-0:105-3.fc42.x86_64
dracut-live-0:105-3.fc42.x86_64
dracut-network-0:105-3.fc42.x86_64
dragon-0:25.04.2-1.fc42.x86_64
e2fsprogs-0:1.47.2-3.fc42.x86_64
ed-0:1.21-2.fc42.x86_64
efibootmgr-0:18-9.fc42.x86_64
elisa-player-0:25.04.2-1.fc42.x86_64
ethtool-2:6.14-2.fc42.x86_64
exfatprogs-0:1.2.9-1.fc42.x86_64
fedora-bookmarks-0:28-32.fc42.noarch
fedora-release-kde-0:42-26.noarch
ffmpegthumbs-0:25.04.2-1.fc42.x86_64
file-0:5.46-3.fc42.x86_64
filelight-1:25.04.2-1.fc42.x86_64
filesystem-0:3.18-42.fc42.x86_64
fira-code-fonts-0:6.2-10.fc42.noarch
firefox-0:139.0.4-1.fc42.x86_64
firewall-config-0:2.3.1-1.fc42.noarch
firewalld-0:2.3.1-1.fc42.noarch
flatpak-kcm-0:6.3.5-1.fc42.x86_64
fpaste-0:0.5.0.0-2.fc42.noarch
fprintd-pam-0:1.94.5-1.fc42.x86_64
fuse-0:2.9.9-23.fc42.x86_64
fwupd-0:2.0.11-1.fc42.x86_64
gettext-0:0.23.1-2.fc42.x86_64
ghostscript-0:10.05.1-3.fc42.x86_64
git-0:2.49.0-1.fc42.x86_64
glibc-0:2.41-5.fc42.x86_64
glibc-all-langpacks-0:2.41-5.fc42.x86_64
gnupg2-0:2.4.7-2.fc42.x86_64
grub2-efi-ia32-1:2.12-28.fc42.x86_64
grub2-efi-ia32-cdboot-1:2.12-28.fc42.x86_64
grub2-efi-x64-1:2.12-28.fc42.x86_64
grub2-efi-x64-cdboot-1:2.12-28.fc42.x86_64
grub2-efi-x64-modules-1:2.12-28.fc42.noarch
grub2-pc-1:2.12-28.fc42.x86_64
grub2-tools-1:2.12-28.fc42.x86_64
grub2-tools-efi-1:2.12-28.fc42.x86_64
grub2-tools-extra-1:2.12-28.fc42.x86_64
grubby-0:8.40-82.fc42.x86_64
gstreamer1-plugin-dav1d-0:0.13.6-1.fc42.x86_64
gstreamer1-plugin-libav-0:1.26.2-1.fc42.x86_64
gstreamer1-plugin-openh264-0:1.26.2-1.fc42.x86_64
gstreamer1-plugins-bad-free-0:1.26.2-1.fc42.x86_64
gstreamer1-plugins-good-0:1.26.2-1.fc42.x86_64
gstreamer1-plugins-ugly-free-0:1.26.2-1.fc42.x86_64
gtk2-immodule-xim-0:2.24.33-19.fc41.x86_64
gtk3-immodule-xim-0:3.24.49-2.fc42.x86_64
gutenprint-0:5.3.5-5.fc42.x86_64
gutenprint-cups-0:5.3.5-5.fc42.x86_64
gwenview-1:25.04.2-1.fc42.x86_64
hfsplus-tools-0:540.1.linux3-34.fc42.x86_64
hostname-0:3.25-2.fc42.x86_64
hplip-0:3.25.2-5.fc42.x86_64
hunspell-0:1.7.2-9.fc42.x86_64
hyperv-daemons-0:6.10-1.fc42.x86_64
ibus-anthy-0:1.5.17-1.fc42.x86_64
ibus-chewing-0:2.1.4-1.fc42.x86_64
ibus-gtk3-0:1.5.32-1.fc42.x86_64
ibus-gtk4-0:1.5.32-1.fc42.x86_64
ibus-hangul-0:1.5.5-8.fc42.x86_64
ibus-libpinyin-0:1.16.3-1.fc42.x86_64
ibus-m17n-0:1.4.36-1.fc42.x86_64
ibus-table-chinese-cangjie-0:1.8.13-1.fc42.noarch
ibus-typing-booster-0:2.27.63-1.fc42.noarch
im-chooser-0:1.7.5-3.fc42.x86_64
imsettings-0:1.8.10-2.fc42.x86_64
imsettings-gsettings-0:1.8.10-2.fc42.x86_64
imsettings-plasma-0:1.8.10-2.fc42.x86_64
initial-setup-gui-0:0.3.101-2.fc42.x86_64
initial-setup-gui-wayland-plasma-0:42.0-3.fc42.noarch
intel-audio-firmware-0:20250509-1.fc42.noarch
intel-gpu-firmware-0:20250509-1.fc42.noarch
intel-vsc-firmware-0:20250509-1.fc42.noarch
iproute-0:6.12.0-3.fc42.x86_64
iptables-nft-0:1.8.11-8.fc42.x86_64
iptstate-0:2.2.7-8.fc42.x86_64
iputils-0:20240905-4.fc42.x86_64
irqbalance-2:1.9.4-6.fc42.x86_64
iscsi-initiator-utils-0:6.2.1.11-0.git4b3e853.fc42.x86_64
isomd5sum-1:1.2.5-3.fc42.x86_64
iwlegacy-firmware-0:20250509-1.fc42.noarch
iwlwifi-dvm-firmware-0:20250509-1.fc42.noarch
iwlwifi-mvm-firmware-0:20250509-1.fc42.noarch
kaccounts-integration-qt6-0:25.04.2-1.fc42.x86_64
kaccounts-providers-0:25.04.2-1.fc42.x86_64
kaddressbook-0:25.04.2-1.fc42.x86_64
kamera-0:25.04.2-1.fc42.x86_64
kamoso-0:25.04.2-1.fc42.x86_64
kbd-0:2.7.1-3.fc42.x86_64
kbd-legacy-0:2.7.1-3.fc42.noarch
kcalc-0:25.04.2-1.fc42.x86_64
kcharselect-0:25.04.2-1.fc42.x86_64
kde-connect-0:25.04.2-1.fc42.x86_64
kde-gtk-config-0:6.3.5-1.fc42.x86_64
kde-inotify-survey-0:25.04.2-1.fc42.x86_64
kde-l10n-0:17.08.3-20.fc42.noarch
kde-partitionmanager-0:25.04.2-1.fc42.x86_64
kde-settings-pulseaudio-0:42.0-3.fc42.noarch
kdebugsettings-0:25.04.2-1.fc42.x86_64
kdegraphics-thumbnailers-0:25.04.2-1.fc42.x86_64
kdenetwork-filesharing-0:25.04.2-1.fc42.x86_64
kdeplasma-addons-0:6.3.5-1.fc42.x86_64
kdialog-0:25.04.2-1.fc42.x86_64
kdnssd-0:25.04.2-1.fc42.x86_64
keditbookmarks-0:25.04.2-1.fc42.x86_64
kernel-0:6.14.0-63.fc42.x86_64
kernel-0:6.14.9-300.fc42.x86_64
kernel-core-0:6.14.0-63.fc42.x86_64
kernel-core-0:6.14.9-300.fc42.x86_64
kernel-modules-0:6.14.0-63.fc42.x86_64
kernel-modules-0:6.14.9-300.fc42.x86_64
kernel-modules-extra-0:6.14.0-63.fc42.x86_64
kernel-modules-extra-0:6.14.9-300.fc42.x86_64
kexec-tools-0:2.0.31-2.fc42.x86_64
kf6-baloo-file-0:6.14.0-1.fc42.x86_64
kfind-0:25.04.2-1.fc42.x86_64
kgpg-0:25.04.2-1.fc42.x86_64
khelpcenter-1:25.04.2-1.fc42.x86_64
kinfocenter-0:6.3.5-1.fc42.x86_64
kio-admin-0:25.04.2-1.fc42.x86_64
kio-gdrive-0:25.04.2-1.fc42.x86_64
kjournald-0:25.04.2-1.fc42.x86_64
kmahjongg-0:25.04.2-1.fc42.x86_64
kmail-0:25.04.2-1.fc42.x86_64
kmenuedit-0:6.3.5-1.fc42.x86_64
kmines-0:25.04.2-1.fc42.x86_64
kmouth-0:25.04.2-1.fc42.x86_64
kolourpaint-0:25.04.2-1.fc42.x86_64
konsole-0:25.04.2-1.fc42.x86_64
kontact-0:25.04.2-1.fc42.x86_64
korganizer-0:25.04.2-1.fc42.x86_64
kpat-0:25.04.2-1.fc42.x86_64
krdc-0:25.04.2-1.fc42.x86_64
krdp-0:6.3.5-1.fc42.x86_64
krfb-0:25.04.2-1.fc42.x86_64
kscreen-1:6.3.5-1.fc42.x86_64
kscreenlocker-0:6.3.5-1.fc42.x86_64
ksshaskpass-0:6.3.5-1.fc42.x86_64
kwalletmanager5-0:25.04.2-1.fc42.x86_64
kwebkitpart-0:1.4.0-0.19.20190110.fc42.x86_64
kwin-0:6.3.5-3.fc42.x86_64
kwrite-0:25.04.2-1.fc42.x86_64
less-0:668-2.fc42.x86_64
libappindicator-gtk3-0:12.10.1-8.fc42.x86_64
libertas-firmware-0:20250509-1.fc42.noarch
libglvnd-gles-1:1.7.0-7.fc42.x86_64
libreoffice-calc-1:25.2.4.3-1.fc42.x86_64
libreoffice-draw-1:25.2.4.3-1.fc42.x86_64
libreoffice-emailmerge-1:25.2.4.3-1.fc42.x86_64
libreoffice-graphicfilter-1:25.2.4.3-1.fc42.x86_64
libreoffice-impress-1:25.2.4.3-1.fc42.x86_64
libreoffice-math-1:25.2.4.3-1.fc42.x86_64
libreoffice-writer-1:25.2.4.3-1.fc42.x86_64
libva-intel-media-driver-0:25.1.4-1.fc42.x86_64
libvirt-daemon-config-network-0:11.0.0-2.fc42.x86_64
libvirt-daemon-kvm-0:11.0.0-2.fc42.x86_64
livesys-scripts-0:0.8.0-1.fc42.noarch
logrotate-0:3.22.0-3.fc42.x86_64
lrzsz-0:0.12.20-74.fc42.x86_64
lsof-0:4.98.0-7.fc42.x86_64
lvm2-0:2.03.30-3.fc42.x86_64
mactel-boot-0:0.9-35.fc42.x86_64
mailcap-0:2.1.54-8.fc42.noarch
man-db-0:2.13.0-2.fc42.x86_64
man-pages-0:6.9.1-3.fc42.noarch
mcelog-3:175-12.fc42.x86_64
mdadm-0:4.3-7.fc42.x86_64
mediawriter-0:5.2.5-1.fc42.x86_64
mesa-dri-drivers-0:25.0.7-2.fc42.x86_64
mesa-vulkan-drivers-0:25.0.7-2.fc42.x86_64
microcode_ctl-2:2.1-70.fc42.x86_64
minicom-0:2.9-4.fc42.x86_64
mpage-0:2.5.7-22.fc42.x86_64
mt7xxx-firmware-0:20250509-1.fc42.noarch
mtr-2:0.95-12.fc42.x86_64
ncdu-0:2.8.2-1.fc42.x86_64
ncurses-0:6.5-5.20250125.fc42.x86_64
neochat-0:25.04.2-1.fc42.x86_64
net-tools-0:2.0-0.73.20160912git.fc42.x86_64
nfs-utils-1:2.8.3-1.rc2.fc42.x86_64
nmap-ncat-4:7.92-5.fc42.x86_64
nss-mdns-0:0.15.1-25.fc42.x86_64
ntfs-3g-2:2022.10.3-9.fc42.x86_64
ntfsprogs-2:2022.10.3-9.fc42.x86_64
nvidia-gpu-firmware-0:20250509-1.fc42.noarch
nvme-cli-0:2.13-1.fc42.x86_64
nxpwireless-firmware-0:20250509-1.fc42.noarch
okular-0:25.04.2-1.fc42.x86_64
open-vm-tools-desktop-0:12.5.2-1.fc42.x86_64
opensc-0:0.26.1-2.fc42.x86_64
openssh-clients-0:9.9p1-11.fc42.x86_64
openssh-server-0:9.9p1-11.fc42.x86_64
orca-0:48.1-1.fc42.noarch
pam-kwallet-0:6.3.5-2.fc42.x86_64
paps-0:0.8.0-13.fc42.x86_64
parted-0:3.6-11.fc42.x86_64
passwdqc-0:2.0.3-6.fc42.x86_64
patch-0:2.8-1.fc42.x86_64
patchutils-0:0.4.2-15.fc42.x86_64
pciutils-0:3.13.0-7.fc42.x86_64
phonon-qt6-backend-vlc-0:0.12.0-6.fc42.x86_64
pinentry-qt-0:1.3.1-3.fc42.x86_64
pinfo-0:0.6.13-8.fc42.x86_64
pipewire-alsa-0:1.4.5-1.fc42.x86_64
pipewire-gstreamer-0:1.4.5-1.fc42.x86_64
pipewire-pulseaudio-0:1.4.5-1.fc42.x86_64
pipewire-utils-0:1.4.5-1.fc42.x86_64
plasma-breeze-0:6.3.5-1.fc42.x86_64
plasma-desktop-0:6.3.5-1.fc42.x86_64
plasma-desktop-doc-0:6.3.5-1.fc42.noarch
plasma-discover-0:6.3.5-1.fc42.x86_64
plasma-discover-notifier-0:6.3.5-1.fc42.x86_64
plasma-disks-0:6.3.5-1.fc42.x86_64
plasma-drkonqi-0:6.3.5-1.fc42.x86_64
plasma-nm-0:6.3.5-1.fc42.x86_64
plasma-nm-l2tp-0:6.3.5-1.fc42.x86_64
plasma-nm-openconnect-0:6.3.5-1.fc42.x86_64
plasma-nm-openswan-0:6.3.5-1.fc42.x86_64
plasma-nm-openvpn-0:6.3.5-1.fc42.x86_64
plasma-nm-pptp-0:6.3.5-1.fc42.x86_64
plasma-nm-vpnc-0:6.3.5-1.fc42.x86_64
plasma-pa-0:6.3.5-1.fc42.x86_64
plasma-print-manager-0:6.3.5-1.fc42.x86_64
plasma-systemmonitor-0:6.3.5-1.fc42.x86_64
plasma-thunderbolt-0:6.3.5-1.fc42.x86_64
plasma-vault-0:6.3.5-1.fc42.x86_64
plasma-welcome-0:6.3.5-1.fc42.x86_64
plasma-welcome-fedora-0:6.3.4-1.fc42.noarch
plasma-workspace-0:6.3.5-1.fc42.x86_64
plasma-workspace-wallpapers-0:6.3.5-1.fc42.noarch
plasma-workspace-wayland-0:6.3.5-1.fc42.x86_64
plocate-0:1.1.23-2.fc42.x86_64
plymouth-0:24.004.60-18.fc42.x86_64
plymouth-system-theme-0:24.004.60-18.fc42.x86_64
policycoreutils-0:3.8-1.fc42.x86_64
polkit-kde-0:6.3.5-1.fc42.x86_64
ppp-0:2.5.1-5.fc42.x86_64
prefixdevname-0:0.2.0-6.fc42.x86_64
procps-ng-0:4.0.4-6.fc42.x86_64
psacct-0:6.6.4-24.fc42.x86_64
qemu-guest-agent-2:9.2.4-1.fc42.x86_64
qemu-kvm-2:9.2.4-1.fc42.x86_64
qrca-0:25.04.2-1.fc42.x86_64
quota-1:4.09-8.fc42.x86_64
realmd-0:0.17.1-15.fc42.x86_64
realtek-firmware-0:20250509-1.fc42.noarch
rootfiles-0:8.1-38.fc42.noarch
rpm-0:4.20.1-1.fc42.x86_64
rsync-0:3.4.1-3.fc42.x86_64
rsyslog-0:8.2412.0-3.fc42.x86_64
samba-client-2:4.22.2-1.fc42.x86_64
samba-usershares-2:4.22.2-1.fc42.noarch
sddm-0:0.21.0-9.fc42.x86_64
sddm-breeze-0:6.3.5-1.fc42.noarch
sddm-kcm-0:6.3.5-1.fc42.x86_64
sddm-wayland-plasma-0:6.3.5-1.fc42.noarch
selinux-policy-targeted-0:41.43-1.fc42.noarch
setroubleshoot-0:3.3.35-4.fc42.x86_64
setup-0:2.15.0-13.fc42.noarch
shadow-utils-2:4.17.4-1.fc42.x86_64
shim-ia32-0:15.8-3.x86_64
shim-x64-0:15.8-3.x86_64
signon-kwallet-extension-0:25.04.2-1.fc42.x86_64
skanpage-0:25.04.2-1.fc42.x86_64
smartmontools-1:7.5-2.fc42.x86_64
sos-0:4.9.1-1.fc42.noarch
spectacle-1:6.3.5-1.fc42.x86_64
speech-dispatcher-0:0.12.1-1.fc42.x86_64
spice-vdagent-0:0.22.1-8.fc42.x86_64
spice-webdavd-0:3.0-11.fc42.x86_64
sssd-common-0:2.11.0-1.fc42.x86_64
sssd-kcm-0:2.11.0-1.fc42.x86_64
sssd-proxy-0:2.11.0-1.fc42.x86_64
steam-devices-0:1.0.0.101^git20240522.e2971e4-2.fc42.noarch
subversion-0:1.14.5-14.fc42.x86_64
sudo-0:1.9.15-7.p5.fc42.x86_64
symlinks-0:1.7-12.fc42.x86_64
system-config-printer-udev-0:1.5.18-12.fc42.x86_64
systemd-0:257.6-1.fc42.x86_64
systemd-oomd-defaults-0:257.6-1.fc42.noarch
systemd-resolved-0:257.6-1.fc42.x86_64
systemd-udev-0:257.6-1.fc42.x86_64
systemtap-0:5.3-1.fc42.x86_64
tar-2:1.35-5.fc42.x86_64
tcpdump-14:4.99.5-4.fc42.x86_64
teamd-0:1.32-11.fc42.x86_64
time-0:1.9-26.fc42.x86_64
tiwilink-firmware-0:20250509-1.fc42.noarch
toolbox-0:0.1.2-1.fc42.x86_64
traceroute-3:2.1.6-2.fc42.x86_64
tree-0:2.2.1-1.fc42.x86_64
udisks2-0:2.10.90-2.fc42.x86_64
udisks2-btrfs-0:2.10.90-2.fc42.x86_64
unzip-0:6.0-66.fc42.x86_64
usb_modeswitch-0:2.6.2-2.fc42.x86_64
usbutils-0:018-3.fc42.x86_64
util-linux-0:2.40.4-7.fc42.x86_64
vim-X11-2:9.1.1435-1.fc42.x86_64
vim-enhanced-2:9.1.1435-1.fc42.x86_64
vim-minimal-2:9.1.1435-1.fc42.x86_64
virt-install-0:5.0.0-2.fc42.noarch
virt-manager-0:5.0.0-2.fc42.noarch
virt-viewer-0:11.0-15.fc42.x86_64
virtualbox-guest-additions-0:7.1.8-1.fc42.x86_64
vlc-plugin-gstreamer-1:3.0.21-19.fc42.x86_64
wezterm-0:20250604_060157_5106c8c1-0.x86_64
wget2-wget-0:2.2.0-5.fc42.x86_64
which-0:2.23-1.fc42.x86_64
whois-0:5.6.2-1.fc42.x86_64
wireplumber-0:0.5.8-1.fc42.x86_64
words-0:3.0-61.fc42.noarch
wpa_supplicant-1:2.11-6.fc42.x86_64
xfsprogs-0:6.12.0-3.fc42.x86_64
xwaylandvideobridge-0:0.4.0-9.fc42.x86_64
zip-0:3.0-43.fc42.x86_64
zram-generator-defaults-0:1.2.1-2.fc42.noarch
zsh-0:5.9-16.fc42.x86_64
